Release 14.6 - xst P.68d (nt64)
Copyright (c) 1995-2013 Xilinx, Inc.  All rights reserved.
--> Parameter TMPDIR set to xst/projnav.tmp


Total REAL time to Xst completion: 0.00 secs
Total CPU time to Xst completion: 0.12 secs
 
--> Parameter xsthdpdir set to xst


Total REAL time to Xst completion: 0.00 secs
Total CPU time to Xst completion: 0.12 secs
 
--> Reading design: aluc.prj

TABLE OF CONTENTS
  1) Synthesis Options Summary
  2) HDL Parsing
  3) HDL Elaboration
  4) HDL Synthesis
       4.1) HDL Synthesis Report
  5) Advanced HDL Synthesis
       5.1) Advanced HDL Synthesis Report
  6) Low Level Synthesis
  7) Partition Report
  8) Design Summary
       8.1) Primitive and Black Box Usage
       8.2) Device utilization summary
       8.3) Partition Resource Summary
       8.4) Timing Report
            8.4.1) Clock Information
            8.4.2) Asynchronous Control Signals Information
            8.4.3) Timing Summary
            8.4.4) Timing Details
            8.4.5) Cross Clock Domains Report


=========================================================================
*                      Synthesis Options Summary                        *
=========================================================================
---- Source Parameters
Input File Name                    : "aluc.prj"
Ignore Synthesis Constraint File   : NO

---- Target Parameters
Output File Name                   : "aluc"
Output Format                      : NGC
Target Device                      : xc7a100t-3-csg324

---- Source Options
Top Module Name                    : aluc
Automatic FSM Extraction           : YES
FSM Encoding Algorithm             : Auto
Safe Implementation                : No
FSM Style                          : LUT
RAM Extraction                     : Yes
RAM Style                          : Auto
ROM Extraction                     : Yes
Shift Register Extraction          : YES
ROM Style                          : Auto
Resource Sharing                   : YES
Asynchronous To Synchronous        : NO
Shift Register Minimum Size        : 2
Use DSP Block                      : Auto
Automatic Register Balancing       : No

---- Target Options
LUT Combining                      : Auto
Reduce Control Sets                : Auto
Add IO Buffers                     : YES
Global Maximum Fanout              : 100000
Add Generic Clock Buffer(BUFG)     : 32
Register Duplication               : YES
Optimize Instantiated Primitives   : NO
Use Clock Enable                   : Auto
Use Synchronous Set                : Auto
Use Synchronous Reset              : Auto
Pack IO Registers into IOBs        : Auto
Equivalent register Removal        : YES

---- General Options
Optimization Goal                  : Speed
Optimization Effort                : 1
Power Reduction                    : NO
Keep Hierarchy                     : No
Netlist Hierarchy                  : As_Optimized
RTL Output                         : Yes
Global Optimization                : AllClockNets
Read Cores                         : YES
Write Timing Constraints           : NO
Cross Clock Analysis               : NO
Hierarchy Separator                : /
Bus Delimiter                      : <>
Case Specifier                     : Maintain
Slice Utilization Ratio            : 100
BRAM Utilization Ratio             : 100
DSP48 Utilization Ratio            : 100
Auto BRAM Packing                  : NO
Slice Utilization Ratio Delta      : 5

=========================================================================


=========================================================================
*                          HDL Parsing                                  *
=========================================================================
Analyzing Verilog file "\\psf\host\Users\Adward\GitHub\Computer-Architecture\lab1\aluc\lcd.v" into library work
Parsing module <lcd>.
Analyzing Verilog file "\\psf\host\Users\Adward\GitHub\Computer-Architecture\lab1\aluc\single_alu.v" into library work
ERROR:HDLCompiler:281 - "\\psf\host\Users\Adward\GitHub\Computer-Architecture\lab1\aluc\single_alu.v" Line 21: Cannot open include file "macro.vh".
Parsing module <single_alu>.
ERROR:HDLCompiler:870 - "\\psf\host\Users\Adward\GitHub\Computer-Architecture\lab1\aluc\single_alu.v" Line 35: Macro <ALU_CTL_AND> is not defined.
ERROR:HDLCompiler:806 - "\\psf\host\Users\Adward\GitHub\Computer-Architecture\lab1\aluc\single_alu.v" Line 35: Syntax error near ":".
ERROR:HDLCompiler:870 - "\\psf\host\Users\Adward\GitHub\Computer-Architecture\lab1\aluc\single_alu.v" Line 36: Macro <ALU_CTL_OR> is not defined.
ERROR:HDLCompiler:806 - "\\psf\host\Users\Adward\GitHub\Computer-Architecture\lab1\aluc\single_alu.v" Line 36: Syntax error near ":".
ERROR:HDLCompiler:870 - "\\psf\host\Users\Adward\GitHub\Computer-Architecture\lab1\aluc\single_alu.v" Line 37: Macro <ALU_CTL_ADD> is not defined.
ERROR:HDLCompiler:806 - "\\psf\host\Users\Adward\GitHub\Computer-Architecture\lab1\aluc\single_alu.v" Line 37: Syntax error near ":".
ERROR:HDLCompiler:870 - "\\psf\host\Users\Adward\GitHub\Computer-Architecture\lab1\aluc\single_alu.v" Line 38: Macro <ALU_CTL_SUB> is not defined.
ERROR:HDLCompiler:806 - "\\psf\host\Users\Adward\GitHub\Computer-Architecture\lab1\aluc\single_alu.v" Line 38: Syntax error near ":".
ERROR:HDLCompiler:870 - "\\psf\host\Users\Adward\GitHub\Computer-Architecture\lab1\aluc\single_alu.v" Line 39: Macro <ALU_CTL_SLT> is not defined.
ERROR:HDLCompiler:806 - "\\psf\host\Users\Adward\GitHub\Computer-Architecture\lab1\aluc\single_alu.v" Line 39: Syntax error near ":".
ERROR:HDLCompiler:806 - "\\psf\host\Users\Adward\GitHub\Computer-Architecture\lab1\aluc\single_alu.v" Line 41: Syntax error near ")".
ERROR:HDLCompiler:346 - "\\psf\host\Users\Adward\GitHub\Computer-Architecture\lab1\aluc\single_alu.v" Line 36: Default case should appear only once
ERROR:HDLCompiler:346 - "\\psf\host\Users\Adward\GitHub\Computer-Architecture\lab1\aluc\single_alu.v" Line 37: Default case should appear only once
ERROR:HDLCompiler:346 - "\\psf\host\Users\Adward\GitHub\Computer-Architecture\lab1\aluc\single_alu.v" Line 38: Default case should appear only once
ERROR:HDLCompiler:346 - "\\psf\host\Users\Adward\GitHub\Computer-Architecture\lab1\aluc\single_alu.v" Line 39: Default case should appear only once
ERROR:HDLCompiler:598 - "\\psf\host\Users\Adward\GitHub\Computer-Architecture\lab1\aluc\single_alu.v" Line 23: Module <single_alu> ignored due to previous errors.
Verilog file \\psf\host\Users\Adward\GitHub\Computer-Architecture\lab1\aluc\single_alu.v ignored due to errors
--> 

Total memory usage is 228472 kilobytes

Number of errors   :   17 (   0 filtered)
Number of warnings :    0 (   0 filtered)
Number of infos    :    0 (   0 filtered)

